2023-08-06 03:29:23.994793 - Initialized conversion of CBT336
2023-08-06 03:29:25.011311 - Received CBT.V505.FILE336.PDS from FILE336.XMI 
2023-08-06 03:29:25.013600 - Found $$$#DATE.txt (text/plain) in CBT.V505.FILE336.PDS, moved to PDS/$$$#DATE
2023-08-06 03:29:25.014476 - Found $$$INDEX.txt (text/plain) in CBT.V505.FILE336.PDS, moved to PDS/$$$INDEX
2023-08-06 03:29:25.015440 - Found $$DOC.txt (text/plain) in CBT.V505.FILE336.PDS, moved to PDS/$$DOC
2023-08-06 03:29:25.016408 - Found @FILE336.txt (text/plain) in CBT.V505.FILE336.PDS, moved to PDS/@FILE336
2023-08-06 03:29:25.017332 - Found ASMDSA.txt (text/plain) in CBT.V505.FILE336.PDS, moved to PDS/ASMDSA
2023-08-06 03:29:25.018231 - Found ASMTCA.txt (text/plain) in CBT.V505.FILE336.PDS, moved to PDS/ASMTCA
2023-08-06 03:29:25.019112 - Found ASMVDA.txt (text/plain) in CBT.V505.FILE336.PDS, moved to PDS/ASMVDA
2023-08-06 03:29:25.019979 - Found ASM04@.txt (text/plain) in CBT.V505.FILE336.PDS, moved to PDS/ASM04@
2023-08-06 03:29:25.020830 - Found BANNER.txt (text/plain) in CBT.V505.FILE336.PDS, moved to PDS/BANNER
2023-08-06 03:29:25.021882 - Found CLUTSPAR.txt (text/plain) in CBT.V505.FILE336.PDS, moved to PDS/CLUTSPAR
2023-08-06 03:29:25.022733 - Found CMDIN.txt (text/plain) in CBT.V505.FILE336.PDS, moved to PDS/CMDIN
2023-08-06 03:29:25.023595 - Found COB02@.txt (text/plain) in CBT.V505.FILE336.PDS, moved to PDS/COB02@
2023-08-06 03:29:25.024442 - Found COPYVTOC.txt (text/plain) in CBT.V505.FILE336.PDS, moved to PDS/COPYVTOC
2023-08-06 03:29:25.025310 - Found DISKUTI$.txt (text/plain) in CBT.V505.FILE336.PDS, moved to PDS/DISKUTI$
2023-08-06 03:29:25.026237 - Found DISKUTIL.txt (text/plain) in CBT.V505.FILE336.PDS, moved to PDS/DISKUTIL
2023-08-06 03:29:25.027198 - Found FORMAT4.txt (text/plain) in CBT.V505.FILE336.PDS, moved to PDS/FORMAT4
2023-08-06 03:29:25.028122 - Found FUNCACC@.txt (text/plain) in CBT.V505.FILE336.PDS, moved to PDS/FUNCACC@
2023-08-06 03:29:25.029072 - Found IECSDSL1.txt (text/plain) in CBT.V505.FILE336.PDS, moved to PDS/IECSDSL1
2023-08-06 03:29:25.029979 - Found IEEMB846.txt (text/plain) in CBT.V505.FILE336.PDS, moved to PDS/IEEMB846
2023-08-06 03:29:25.030953 - Found IKJEXTEN.txt (text/plain) in CBT.V505.FILE336.PDS, moved to PDS/IKJEXTEN
2023-08-06 03:29:25.031909 - Found INT18@.txt (text/plain) in CBT.V505.FILE336.PDS, moved to PDS/INT18@
2023-08-06 03:29:25.032821 - Found JES2PARM.txt (text/plain) in CBT.V505.FILE336.PDS, moved to PDS/JES2PARM
2023-08-06 03:29:25.033711 - Found JULIAN.txt (text/plain) in CBT.V505.FILE336.PDS, moved to PDS/JULIAN
2023-08-06 03:29:25.034552 - Found LIBEL.txt (text/plain) in CBT.V505.FILE336.PDS, moved to PDS/LIBEL
2023-08-06 03:29:25.035488 - Found LIBLOCK.txt (text/plain) in CBT.V505.FILE336.PDS, moved to PDS/LIBLOCK
2023-08-06 03:29:25.036454 - Found LICOND.txt (text/plain) in CBT.V505.FILE336.PDS, moved to PDS/LICOND
2023-08-06 03:29:25.037499 - Found LIENTRY.txt (text/plain) in CBT.V505.FILE336.PDS, moved to PDS/LIENTRY
2023-08-06 03:29:25.038424 - Found LIENVASM.txt (text/plain) in CBT.V505.FILE336.PDS, moved to PDS/LIENVASM
2023-08-06 03:29:25.039365 - Found LIENVPLI.txt (text/plain) in CBT.V505.FILE336.PDS, moved to PDS/LIENVPLI
2023-08-06 03:29:25.040248 - Found LIERRSET.txt (text/plain) in CBT.V505.FILE336.PDS, moved to PDS/LIERRSET
2023-08-06 03:29:25.041208 - Found LIERSET.txt (text/plain) in CBT.V505.FILE336.PDS, moved to PDS/LIERSET
2023-08-06 03:29:25.042109 - Found LIES@.txt (text/plain) in CBT.V505.FILE336.PDS, moved to PDS/LIES@
2023-08-06 03:29:25.043027 - Found LIEXIT.txt (text/plain) in CBT.V505.FILE336.PDS, moved to PDS/LIEXIT
2023-08-06 03:29:25.043897 - Found LIFO.txt (text/plain) in CBT.V505.FILE336.PDS, moved to PDS/LIFO
2023-08-06 03:29:25.044757 - Found LIFREE.txt (text/plain) in CBT.V505.FILE336.PDS, moved to PDS/LIFREE
2023-08-06 03:29:25.045660 - Found LIGET.txt (text/plain) in CBT.V505.FILE336.PDS, moved to PDS/LIGET
2023-08-06 03:29:25.046758 - Found LIGOTO.txt (text/plain) in CBT.V505.FILE336.PDS, moved to PDS/LIGOTO
2023-08-06 03:29:25.047686 - Found LINSURE.txt (text/plain) in CBT.V505.FILE336.PDS, moved to PDS/LINSURE
2023-08-06 03:29:25.048562 - Found LION.txt (text/plain) in CBT.V505.FILE336.PDS, moved to PDS/LION
2023-08-06 03:29:25.049463 - Found LIONCB.txt (text/plain) in CBT.V505.FILE336.PDS, moved to PDS/LIONCB
2023-08-06 03:29:25.050440 - Found LIREVERT.txt (text/plain) in CBT.V505.FILE336.PDS, moved to PDS/LIREVERT
2023-08-06 03:29:25.051377 - Found LIRLSE.txt (text/plain) in CBT.V505.FILE336.PDS, moved to PDS/LIRLSE
2023-08-06 03:29:25.052270 - Found LISECT.txt (text/plain) in CBT.V505.FILE336.PDS, moved to PDS/LISECT
2023-08-06 03:29:25.053180 - Found LISIGNAL.txt (text/plain) in CBT.V505.FILE336.PDS, moved to PDS/LISIGNAL
2023-08-06 03:29:25.054170 - Found LISTM.txt (text/plain) in CBT.V505.FILE336.PDS, moved to PDS/LISTM
2023-08-06 03:29:25.055093 - Found LISTM#.txt (text/plain) in CBT.V505.FILE336.PDS, moved to PDS/LISTM#
2023-08-06 03:29:25.056243 - Found LISTU.txt (text/plain) in CBT.V505.FILE336.PDS, moved to PDS/LISTU
2023-08-06 03:29:25.057225 - Found LISTU#.txt (text/plain) in CBT.V505.FILE336.PDS, moved to PDS/LISTU#
2023-08-06 03:29:25.058210 - Found MAPDISK.txt (text/plain) in CBT.V505.FILE336.PDS, moved to PDS/MAPDISK
2023-08-06 03:29:25.059120 - Found MAPDISK$.txt (text/plain) in CBT.V505.FILE336.PDS, moved to PDS/MAPDISK$
2023-08-06 03:29:25.060146 - Found MLPA.txt (text/plain) in CBT.V505.FILE336.PDS, moved to PDS/MLPA
2023-08-06 03:29:25.061296 - Found PARSE@.txt (text/plain) in CBT.V505.FILE336.PDS, moved to PDS/PARSE@
2023-08-06 03:29:25.062242 - Found PLIDSA.txt (text/plain) in CBT.V505.FILE336.PDS, moved to PDS/PLIDSA
2023-08-06 03:29:25.063154 - Found PLIONCB.txt (text/plain) in CBT.V505.FILE336.PDS, moved to PDS/PLIONCB
2023-08-06 03:29:25.064039 - Found PLITCA.txt (text/plain) in CBT.V505.FILE336.PDS, moved to PDS/PLITCA
2023-08-06 03:29:25.064943 - Found PRINTPD$.txt (text/plain) in CBT.V505.FILE336.PDS, moved to PDS/PRINTPD$
2023-08-06 03:29:25.066034 - Found RCB02A1.txt (text/plain) in CBT.V505.FILE336.PDS, moved to PDS/RCB02A1
2023-08-06 03:29:25.067014 - Found RCB05A1.txt (text/plain) in CBT.V505.FILE336.PDS, moved to PDS/RCB05A1
2023-08-06 03:29:25.068005 - Found RCB06A1.txt (text/plain) in CBT.V505.FILE336.PDS, moved to PDS/RCB06A1
2023-08-06 03:29:25.068950 - Found RCB07A1.txt (text/plain) in CBT.V505.FILE336.PDS, moved to PDS/RCB07A1
2023-08-06 03:29:25.069875 - Found RDA01U1.txt (text/plain) in CBT.V505.FILE336.PDS, moved to PDS/RDA01U1
2023-08-06 03:29:25.070797 - Found REGISTER.txt (text/plain) in CBT.V505.FILE336.PDS, moved to PDS/REGISTER
2023-08-06 03:29:25.071729 - Found RETURNX.txt (text/plain) in CBT.V505.FILE336.PDS, moved to PDS/RETURNX
2023-08-06 03:29:25.072676 - Found RJC12K1.txt (text/plain) in CBT.V505.FILE336.PDS, moved to PDS/RJC12K1
2023-08-06 03:29:25.073648 - Found RTS03A1.txt (text/plain) in CBT.V505.FILE336.PDS, moved to PDS/RTS03A1
2023-08-06 03:29:25.074553 - Found RTS10A1.txt (text/plain) in CBT.V505.FILE336.PDS, moved to PDS/RTS10A1
2023-08-06 03:29:25.075470 - Found RTS10Q1.txt (text/plain) in CBT.V505.FILE336.PDS, moved to PDS/RTS10Q1
2023-08-06 03:29:25.076407 - Found RTS10T1.txt (text/plain) in CBT.V505.FILE336.PDS, moved to PDS/RTS10T1
2023-08-06 03:29:25.077376 - Found RTS10Z1.txt (text/plain) in CBT.V505.FILE336.PDS, moved to PDS/RTS10Z1
2023-08-06 03:29:25.078391 - Found RTU05A1.txt (text/plain) in CBT.V505.FILE336.PDS, moved to PDS/RTU05A1
2023-08-06 03:29:25.079336 - Found RUA03A1.txt (text/plain) in CBT.V505.FILE336.PDS, moved to PDS/RUA03A1
2023-08-06 03:29:25.080248 - Found RUA03B1.txt (text/plain) in CBT.V505.FILE336.PDS, moved to PDS/RUA03B1
2023-08-06 03:29:25.081240 - Found RUA03C1.txt (text/plain) in CBT.V505.FILE336.PDS, moved to PDS/RUA03C1
2023-08-06 03:29:25.082201 - Found RUA03D1.txt (text/plain) in CBT.V505.FILE336.PDS, moved to PDS/RUA03D1
2023-08-06 03:29:25.083119 - Found RUA04A1.txt (text/plain) in CBT.V505.FILE336.PDS, moved to PDS/RUA04A1
2023-08-06 03:29:25.084046 - Found RUA04Q1.txt (text/plain) in CBT.V505.FILE336.PDS, moved to PDS/RUA04Q1
2023-08-06 03:29:25.084988 - Found RUA11A1.txt (text/plain) in CBT.V505.FILE336.PDS, moved to PDS/RUA11A1
2023-08-06 03:29:25.085899 - Found RUA11B1.txt (text/plain) in CBT.V505.FILE336.PDS, moved to PDS/RUA11B1
2023-08-06 03:29:25.086801 - Found RUA11C1.txt (text/plain) in CBT.V505.FILE336.PDS, moved to PDS/RUA11C1
2023-08-06 03:29:25.087788 - Found RUA13A1.txt (text/plain) in CBT.V505.FILE336.PDS, moved to PDS/RUA13A1
2023-08-06 03:29:25.088697 - Found RUA13M1.txt (text/plain) in CBT.V505.FILE336.PDS, moved to PDS/RUA13M1
2023-08-06 03:29:25.089597 - Found RUA13Q1.txt (text/plain) in CBT.V505.FILE336.PDS, moved to PDS/RUA13Q1
2023-08-06 03:29:25.090471 - Found SAVEX.txt (text/plain) in CBT.V505.FILE336.PDS, moved to PDS/SAVEX
2023-08-06 03:29:25.091356 - Found SEQCOPY.txt (text/plain) in CBT.V505.FILE336.PDS, moved to PDS/SEQCOPY
2023-08-06 03:29:25.092279 - Found SEQCOPY$.txt (text/plain) in CBT.V505.FILE336.PDS, moved to PDS/SEQCOPY$
2023-08-06 03:29:25.093266 - Found TAPECOP$.txt (text/plain) in CBT.V505.FILE336.PDS, moved to PDS/TAPECOP$
2023-08-06 03:29:25.094195 - Found TAPEMAP$.txt (text/plain) in CBT.V505.FILE336.PDS, moved to PDS/TAPEMAP$
2023-08-06 03:29:25.095142 - Found TAPESCA$.txt (text/plain) in CBT.V505.FILE336.PDS, moved to PDS/TAPESCA$
2023-08-06 03:29:25.096220 - Found TAPESCAN.txt (text/plain) in CBT.V505.FILE336.PDS, moved to PDS/TAPESCAN
2023-08-06 03:29:25.097192 - Found TAPESCUR.txt (text/plain) in CBT.V505.FILE336.PDS, moved to PDS/TAPESCUR
2023-08-06 03:29:25.098058 - Found TAPESUC@.txt (text/plain) in CBT.V505.FILE336.PDS, moved to PDS/TAPESUC@
2023-08-06 03:29:25.099018 - Found TSOSUMM.txt (text/plain) in CBT.V505.FILE336.PDS, moved to PDS/TSOSUMM
2023-08-06 03:29:25.099978 - Found TSOSUMM$.jcl (text/plain) in CBT.V505.FILE336.PDS, moved to PDS/TSOSUMM$
2023-08-06 03:29:25.100818 - Found TSO0906@.txt (text/plain) in CBT.V505.FILE336.PDS, moved to PDS/TSO0906@
2023-08-06 03:29:25.101725 - Found TSO0910@.txt (text/plain) in CBT.V505.FILE336.PDS, moved to PDS/TSO0910@
2023-08-06 03:29:25.102658 - Found TSO0917@.txt (text/plain) in CBT.V505.FILE336.PDS, moved to PDS/TSO0917@
2023-08-06 03:29:25.103615 - Found TTS02A1.txt (text/plain) in CBT.V505.FILE336.PDS, moved to PDS/TTS02A1
2023-08-06 03:29:25.104593 - Found UEBPDSPT.txt (text/plain) in CBT.V505.FILE336.PDS, moved to PDS/UEBPDSPT
2023-08-06 03:29:25.105519 - Found UEHSTAMP.txt (text/plain) in CBT.V505.FILE336.PDS, moved to PDS/UEHSTAMP
2023-08-06 03:29:25.106436 - Found UGET.txt (text/plain) in CBT.V505.FILE336.PDS, moved to PDS/UGET
2023-08-06 03:29:25.107401 - Found UHBACT.txt (text/plain) in CBT.V505.FILE336.PDS, moved to PDS/UHBACT
2023-08-06 03:29:25.108350 - Found UHBADDR.txt (text/plain) in CBT.V505.FILE336.PDS, moved to PDS/UHBADDR
2023-08-06 03:29:25.109284 - Found UHBBGEN.txt (text/plain) in CBT.V505.FILE336.PDS, moved to PDS/UHBBGEN
2023-08-06 03:29:25.110194 - Found UHBBMOD.txt (text/plain) in CBT.V505.FILE336.PDS, moved to PDS/UHBBMOD
2023-08-06 03:29:25.111148 - Found UHBCOLON.txt (text/plain) in CBT.V505.FILE336.PDS, moved to PDS/UHBCOLON
2023-08-06 03:29:25.112101 - Found UHBEGEN.txt (text/plain) in CBT.V505.FILE336.PDS, moved to PDS/UHBEGEN
2023-08-06 03:29:25.113032 - Found UHBGEN.txt (text/plain) in CBT.V505.FILE336.PDS, moved to PDS/UHBGEN
2023-08-06 03:29:25.113915 - Found UHBGENF.txt (text/plain) in CBT.V505.FILE336.PDS, moved to PDS/UHBGENF
2023-08-06 03:29:25.114838 - Found UHBGENV.txt (text/plain) in CBT.V505.FILE336.PDS, moved to PDS/UHBGENV
2023-08-06 03:29:25.115774 - Found UHBILDUP.txt (text/plain) in CBT.V505.FILE336.PDS, moved to PDS/UHBILDUP
2023-08-06 03:29:25.116691 - Found UHBLKUP.txt (text/plain) in CBT.V505.FILE336.PDS, moved to PDS/UHBLKUP
2023-08-06 03:29:25.117568 - Found UHBMACS@.txt (text/plain) in CBT.V505.FILE336.PDS, moved to PDS/UHBMACS@
2023-08-06 03:29:25.118515 - Found UHBMOD.txt (text/plain) in CBT.V505.FILE336.PDS, moved to PDS/UHBMOD
2023-08-06 03:29:25.119506 - Found UHBMODF.txt (text/plain) in CBT.V505.FILE336.PDS, moved to PDS/UHBMODF
2023-08-06 03:29:25.120447 - Found UHBMODV.txt (text/plain) in CBT.V505.FILE336.PDS, moved to PDS/UHBMODV
2023-08-06 03:29:25.121399 - Found UHBMOVE.txt (text/plain) in CBT.V505.FILE336.PDS, moved to PDS/UHBMOVE
2023-08-06 03:29:25.122362 - Found UHBRKDN.txt (text/plain) in CBT.V505.FILE336.PDS, moved to PDS/UHBRKDN
2023-08-06 03:29:25.123339 - Found UHBRQR.txt (text/plain) in CBT.V505.FILE336.PDS, moved to PDS/UHBRQR
2023-08-06 03:29:25.124276 - Found UHBSTORE.txt (text/plain) in CBT.V505.FILE336.PDS, moved to PDS/UHBSTORE
2023-08-06 03:29:25.125230 - Found UHBSUB.txt (text/plain) in CBT.V505.FILE336.PDS, moved to PDS/UHBSUB
2023-08-06 03:29:25.126102 - Found UHBSVC.txt (text/plain) in CBT.V505.FILE336.PDS, moved to PDS/UHBSVC
2023-08-06 03:29:25.127090 - Found UKJUGET.txt (text/plain) in CBT.V505.FILE336.PDS, moved to PDS/UKJUGET
2023-08-06 03:29:25.128022 - Found UKJUPUT.txt (text/plain) in CBT.V505.FILE336.PDS, moved to PDS/UKJUPUT
2023-08-06 03:29:25.129082 - Found ULT03@.txt (text/plain) in CBT.V505.FILE336.PDS, moved to PDS/ULT03@
2023-08-06 03:29:25.129994 - Found ULT07@.txt (text/plain) in CBT.V505.FILE336.PDS, moved to PDS/ULT07@
2023-08-06 03:29:25.131004 - Found ULT11@.txt (text/plain) in CBT.V505.FILE336.PDS, moved to PDS/ULT11@
2023-08-06 03:29:25.131912 - Found ULT19@.txt (text/plain) in CBT.V505.FILE336.PDS, moved to PDS/ULT19@
2023-08-06 03:29:25.132860 - Found UPROMPT.txt (text/plain) in CBT.V505.FILE336.PDS, moved to PDS/UPROMPT
2023-08-06 03:29:25.133746 - Found UPUT.txt (text/plain) in CBT.V505.FILE336.PDS, moved to PDS/UPUT
2023-08-06 03:29:25.134717 - Found XSEND.txt (text/plain) in CBT.V505.FILE336.PDS, moved to PDS/XSEND
2023-08-06 03:29:25.135653 - Found XSEND#.txt (text/plain) in CBT.V505.FILE336.PDS, moved to PDS/XSEND#
2023-08-06 03:29:25.136608 - Found XSENDPUT.txt (text/plain) in CBT.V505.FILE336.PDS, moved to PDS/XSENDPUT
2023-08-06 03:29:25.137571 - Found XTPUTSVC.txt (text/plain) in CBT.V505.FILE336.PDS, moved to PDS/XTPUTSVC
2023-08-06 03:29:25.138444 - Found XWTO.txt (text/plain) in CBT.V505.FILE336.PDS, moved to PDS/XWTO
2023-08-06 03:29:25.139405 - Found XWTO@.txt (text/plain) in CBT.V505.FILE336.PDS, moved to PDS/XWTO@
2023-08-06 03:29:25.140336 - Found XWTOLKIN.txt (text/plain) in CBT.V505.FILE336.PDS, moved to PDS/XWTOLKIN
2023-08-06 03:29:25.141320 - Found XWTOLKUP.txt (text/plain) in CBT.V505.FILE336.PDS, moved to PDS/XWTOLKUP
2023-08-06 03:29:25.142259 - Found XWTORD.txt (text/plain) in CBT.V505.FILE336.PDS, moved to PDS/XWTORD
2023-08-06 03:29:25.143219 - Found XWTORDM.txt (text/plain) in CBT.V505.FILE336.PDS, moved to PDS/XWTORDM
